#
# A fatal error has been detected by the Java Runtime Environment:
#
#  SIGSEGV (0xb) at pc=0x000000012da9a561, pid=528, tid=1811
#
# JRE version: Java(TM) SE Runtime Environment (8.0_51-b16) (build 1.8.0_51-b16)
# Java VM: Java HotSpot(TM) 64-Bit Server VM (25.51-b03 mixed mode bsd-amd64 compressed oops)
# Problematic frame:
# C  [libglass.dylib+0x15561]  GlassScreenDidChangeScreenParameters+0x21
#
# Failed to write core dump. Core dumps have been disabled. To enable core dumping, try "ulimit -c unlimited" before starting Java again
#
# If you would like to submit a bug report, please visit:
#   http://bugreport.java.com/bugreport/crash.jsp
#

---------------  T H R E A D  ---------------

Current thread is native thread

siginfo: si_signo: 11 (SIGSEGV), si_code: 1 (SEGV_MAPERR), si_addr: 0x0000000000000000

Registers:
RAX=0x000000012daccac8, RBX=0x0000000000000000, RCX=0x200083110725ec83, RDX=0x00007fff736f21f8
RSP=0x00007fff52f0c2e0, RBP=0x00007fff52f0c2f0, RSI=0x00007fb9fa405030, RDI=0x0000000000000000
R8 =0x00007fff52f0c190, R9 =0x00007fff72bc4300, R10=0x0000000000000000, R11=0x0000000000000246
R12=0x00007fb9fca0da00, R13=0x00000000000f426d, R14=0x00007fb9fa4a6e40, R15=0x00007fff52f0c430
RIP=0x000000012da9a561, EFLAGS=0x0000000000010246, ERR=0x0000000000000004
  TRAPNO=0x000000000000000e

Top of Stack: (sp=0x00007fff52f0c2e0)
0x00007fff52f0c2e0:   00007fff52f0c4c0 00007fb9fa4a6e40
0x00007fff52f0c2f0:   00007fff52f0c300 00007fff91b4a45c
0x00007fff52f0c300:   00007fff52f0c660 00007fff91a3a634
0x00007fff52f0c310:   00007fff52f0c360 0000000000001400
0x00007fff52f0c320:   00007fff74bb8ed0 00007fb9fcb16410
0x00007fff52f0c330:   0000000000001002 00000000000002a0
0x00007fff52f0c340:   00007fb9fcb16410 00007fb9fa4a6e40
0x00007fff52f0c350:   0000000000000000 00007fff52f0c430
0x00007fff52f0c360:   0000000000000000 00007fb9fa4a6e00
0x00007fff52f0c370:   00007fff52f0c4b0 000000000000001c
0x00007fff52f0c380:   00000000000f428b 00007fb9fa4c4dd0
0x00007fff52f0c390:   00007fb9fa73c680 00007fb9fca0da00
0x00007fff52f0c3a0:   0000000000000001 00000000000f426d
0x00007fff52f0c3b0:   00007fb9fca0d9f0 00007fff84206b90
0x00007fff52f0c3c0:   0000000000000001 0000000000000001
0x00007fff52f0c3d0:   0000000000000030 0000000000000001
0x00007fff52f0c3e0:   00007fff52f0c400 00007fff84207546
0x00007fff52f0c3f0:   00007fff74bb6fb0 0000000000000000
0x00007fff52f0c400:   00007fff52f0c420 0000000000000006
0x00007fff52f0c410:   0000330384204dd2 00007fb9fca0da24
0x00007fff52f0c420:   0000000000000000 00007fff91a3010f
0x00007fff52f0c430:   00007fb9fa4a6e40 00007fff74bb6fb0
0x00007fff52f0c440:   00007fff52f0c4c0 0000000000000002
0x00007fff52f0c450:   00007fff52f0c490 00007fff84204dd2
0x00007fff52f0c460:   000000010cd0fa00 0000000000000002
0x00007fff52f0c470:   000000010cd0c000 00007fb9fa414362
0x00007fff52f0c480:   0000000000000003 000000010cd10e00
0x00007fff52f0c490:   00007fff52f0c580 00007fff84203b36
0x00007fff52f0c4a0:   00007fb9fa452220 00007fff52f0c668
0x00007fff52f0c4b0:   0000000000000019 0000000000000000
0x00007fff52f0c4c0:   00000000000f426d 00007fff91a30403
0x00007fff52f0c4d0:   00007fff00000000 00007fb9fcb16060 

Instructions: (pc=0x000000012da9a561)
0x000000012da9a541:   48 89 e5 41 56 53 48 8d 05 72 26 03 00 48 83 38
0x000000012da9a551:   00 48 89 fb 75 72 48 8d 05 6a 25 03 00 48 8b 30
0x000000012da9a561:   48 8b 03 48 8d 15 74 9a 01 00 48 8d 0d 2e 70 01
0x000000012da9a571:   00 48 89 df ff 90 88 03 00 00 48 8d 0d 3e 26 03 

Register to memory mapping:

RAX=0x000000012daccac8: jScreenClass+0 in /Library/Java/JavaVirtualMachines/jdk1.8.0_51.jdk/Contents/Home/jre/lib/libglass.dylib at 0x000000012da85000
RBX=0x0000000000000000 is an unknown value
RCX=0x200083110725ec83 is an unknown value
RDX=0x00007fff736f21f8: __sFX+0x1c8 in /usr/lib/system/libsystem_c.dylib at 0x00007fff8a866000
RSP=0x00007fff52f0c2e0 is an unknown value
RBP=0x00007fff52f0c2f0 is an unknown value
RSI=0x00007fb9fa405030 is a global jni handle
RDI=0x0000000000000000 is an unknown value
R8 =0x00007fff52f0c190 is an unknown value
R9 =0x00007fff72bc4300: _thread+0 in /usr/lib/system/libsystem_pthread.dylib at 0x00007fff85981000
R10=0x0000000000000000 is an unknown value
R11=0x0000000000000246 is an unknown value
R12=0x00007fb9fca0da00 is an unknown value
R13=0x00000000000f426d is an unknown value
R14=0x00007fb9fa4a6e40 is an unknown value
R15=0x00007fff52f0c430 is an unknown value


Stack: [0x00007fff5270f000,0x00007fff52f0f000],  sp=0x00007fff52f0c2e0,  free space=8180k
Native frames: (J=compiled Java code, j=interpreted, Vv=VM code, C=native code)
C  [libglass.dylib+0x15561]  GlassScreenDidChangeScreenParameters+0x21
C  [CoreFoundation+0x12045c]  __CFNOTIFICATIONCENTER_IS_CALLING_OUT_TO_AN_OBSERVER__+0xc
C  [CoreFoundation+0x10634]  _CFXNotificationPost+0xc44
C  [Foundation+0x7aa1]  -[NSNotificationCenter postNotificationName:object:userInfo:]+0x42
C  [AppKit+0x40de7e]  -[NSApplication _reactToScreenInvalidationImmediately:]+0x17b
C  [AppKit+0x40dcc7]  __44-[NSApplication _reactToScreenInvalidation:]_block_invoke+0x4b
C  [CoreFoundation+0x808ec]  __CFRUNLOOP_IS_CALLING_OUT_TO_A_BLOCK__+0xc
C  [CoreFoundation+0x729f5]  __CFRunLoopDoBlocks+0x155
C  [CoreFoundation+0x72536]  __CFRunLoopRun+0x716
C  [CoreFoundation+0x71bd8]  CFRunLoopRunSpecific+0x128
C  [java+0x6463]  CreateExecutionEnvironment+0x367
C  [java+0x21ac]  JLI_Launch+0x7a0
C  [java+0x84c0]  main+0x65
C  [java+0x1a04]  start+0x34


---------------  P R O C E S S  ---------------

VM state:at safepoint (normal execution)

VM Mutex/Monitor currently owned by a thread:  ([mutex/lock_event])
[0x00007fb9fa702330] Threads_lock - owner thread: 0x00007fb9fa835800

Heap:
 PSYoungGen      total 76288K, used 17488K [0x000000076ab00000, 0x0000000770000000, 0x00000007c0000000)
  eden space 65536K, 26% used [0x000000076ab00000,0x000000076bc14298,0x000000076eb00000)
  from space 10752K, 0% used [0x000000076f580000,0x000000076f580000,0x0000000770000000)
  to   space 10752K, 0% used [0x000000076eb00000,0x000000076eb00000,0x000000076f580000)
 ParOldGen       total 175104K, used 0K [0x00000006c0000000, 0x00000006cab00000, 0x000000076ab00000)
  object space 175104K, 0% used [0x00000006c0000000,0x00000006c0000000,0x00000006cab00000)
 Metaspace       used 7518K, capacity 7828K, committed 8064K, reserved 1056768K
  class space    used 911K, capacity 1029K, committed 1152K, reserved 1048576K

Card table byte_map: [0x000000011e28b000,0x000000011ea8c000] byte_map_base: 0x000000011ac8b000

Marking Bits: (ParMarkBitMap*) 0x000000010e6d57a0
 Begin Bits: [0x000000011f7fa000, 0x00000001237fa000)
 End Bits:   [0x00000001237fa000, 0x00000001277fa000)

Polling page: 0x000000010cdf4000

CodeCache: size=245760Kb used=2173Kb max_used=2173Kb free=243586Kb
 bounds [0x000000010eecb000, 0x000000010f13b000, 0x000000011decb000]
 total_blobs=897 nmethods=509 adapters=302
 compilation: enabled

Compilation events (10 events):
Event: 0.365 Thread 0x00007fb9fe000000  505       3       java.lang.StringCoding::access$000 (6 bytes)
Event: 0.366 Thread 0x00007fb9fe000000 nmethod 505 0x000000010f0e3490 code [0x000000010f0e3600, 0x000000010f0e37b0]
Event: 0.368 Thread 0x00007fb9fc001000  506  s    4       java.io.BufferedInputStream::read (49 bytes)
Event: 0.368 Thread 0x00007fb9fe000000  507       3       java.io.DataInputStream::readInt (72 bytes)
Event: 0.368 Thread 0x00007fb9fe000000 nmethod 507 0x000000010f0e7810 code [0x000000010f0e79c0, 0x000000010f0e7f28]
Event: 0.368 Thread 0x00007fb9fe000000  509       3       java.util.StringTokenizer::scanToken (179 bytes)
Event: 0.369 Thread 0x00007fb9fc001000 nmethod 506 0x000000010f0e7150 code [0x000000010f0e72a0, 0x000000010f0e76c8]
Event: 0.370 Thread 0x00007fb9fe000000 nmethod 509 0x000000010f0e9490 code [0x000000010f0e9720, 0x000000010f0ea9d8]
Event: 0.370 Thread 0x00007fb9fe000000  508       3       java.util.StringTokenizer::skipDelimiters (116 bytes)
Event: 0.370 Thread 0x00007fb9fe000000 nmethod 508 0x000000010f0e8250 code [0x000000010f0e8460, 0x000000010f0e8ff8]

GC Heap History (0 events):
No events

Deoptimization events (1 events):
Event: 0.327 Thread 0x00007fb9fa8ec800 Uncommon trap: reason=unstable_if action=reinterpret pc=0x000000010f07a6f4 method=java.lang.String.replace(CC)Ljava/lang/String; @ 2

Internal exceptions (10 events):
Event: 0.074 Thread 0x00007fb9fc006000 Exception <a 'java/security/PrivilegedActionException'> (0x000000076abe3c30) thrown at [/Users/java_re/workspace/8-2-build-macosx-x86_64/jdk8u51/3951/hotspot/src/share/vm/prims/jvm.cpp, line 1382]
Event: 0.074 Thread 0x00007fb9fc006000 Exception <a 'java/security/PrivilegedActionException'> (0x000000076abe3de8) thrown at [/Users/java_re/workspace/8-2-build-macosx-x86_64/jdk8u51/3951/hotspot/src/share/vm/prims/jvm.cpp, line 1382]
Event: 0.111 Thread 0x00007fb9fc006000 Exception <a 'java/lang/NoSuchFieldError': method resolution failed> (0x000000076af83e18) thrown at [/Users/java_re/workspace/8-2-build-macosx-x86_64/jdk8u51/3951/hotspot/src/share/vm/prims/methodHandles.cpp, line 1125]
Event: 0.112 Thread 0x00007fb9fc006000 Exception <a 'java/lang/NoSuchFieldError': method resolution failed> (0x000000076af924e8) thrown at [/Users/java_re/workspace/8-2-build-macosx-x86_64/jdk8u51/3951/hotspot/src/share/vm/prims/methodHandles.cpp, line 1125]
Event: 0.124 Thread 0x00007fb9fc006000 Exception <a 'java/security/PrivilegedActionException'> (0x000000076b01e8c8) thrown at [/Users/java_re/workspace/8-2-build-macosx-x86_64/jdk8u51/3951/hotspot/src/share/vm/prims/jvm.cpp, line 1382]
Event: 0.124 Thread 0x00007fb9fc006000 Exception <a 'java/security/PrivilegedActionException'> (0x000000076b01ea80) thrown at [/Users/java_re/workspace/8-2-build-macosx-x86_64/jdk8u51/3951/hotspot/src/share/vm/prims/jvm.cpp, line 1382]
Event: 0.125 Thread 0x00007fb9fc006000 Exception <a 'java/security/PrivilegedActionException'> (0x000000076b021ca0) thrown at [/Users/java_re/workspace/8-2-build-macosx-x86_64/jdk8u51/3951/hotspot/src/share/vm/prims/jvm.cpp, line 1382]
Event: 0.125 Thread 0x00007fb9fc006000 Exception <a 'java/security/PrivilegedActionException'> (0x000000076b021e58) thrown at [/Users/java_re/workspace/8-2-build-macosx-x86_64/jdk8u51/3951/hotspot/src/share/vm/prims/jvm.cpp, line 1382]
Event: 0.125 Thread 0x00007fb9fc006000 Exception <a 'java/lang/NullPointerException'> (0x000000076b023778) thrown at [/Users/java_re/workspace/8-2-build-macosx-x86_64/jdk8u51/3951/hotspot/src/share/vm/interpreter/linkResolver.cpp, line 1178]
Event: 0.358 Thread 0x00007fb9fc006000 Exception <a 'java/lang/reflect/InvocationTargetException'> (0x000000076b271e40) thrown at [/Users/java_re/workspace/8-2-build-macosx-x86_64/jdk8u51/3951/hotspot/src/share/vm/runtime/reflection.cpp, line 1080]

Events (10 events):
Event: 0.371 loading class java/util/Formatter$Flags done
Event: 0.371 loading class java/util/Formatter$Conversion
Event: 0.371 loading class java/util/Formatter$Conversion done
Event: 0.371 loading class java/util/Formattable
Event: 0.371 loading class java/util/Formattable done
Event: 0.372 loading class java/util/IdentityHashMap$KeyIterator
Event: 0.372 loading class java/util/IdentityHashMap$IdentityHashMapIterator
Event: 0.372 loading class java/util/IdentityHashMap$IdentityHashMapIterator done
Event: 0.372 loading class java/util/IdentityHashMap$KeyIterator done
Event: 0.372 Executing VM operation: Exit


Dynamic libraries:
0x00000000026cc000 	/System/Library/Frameworks/Cocoa.framework/Versions/A/Cocoa
0x00000000026cc000 	/System/Library/Frameworks/Security.framework/Versions/A/Security
0x00000000026cc000 	/System/Library/Frameworks/ApplicationServices.framework/Versions/A/ApplicationServices
0x00000000026cc000 	/usr/lib/libz.1.dylib
0x00000000026cc000 	/usr/lib/libSystem.B.dylib
0x00000000026cc000 	/usr/lib/libobjc.A.dylib
0x00000000026cc000 	/System/Library/Frameworks/CoreFoundation.framework/Versions/A/CoreFoundation
0x00000000026cc000 	/System/Library/Frameworks/Foundation.framework/Versions/C/Foundation
0x00000000026cc000 	/System/Library/Frameworks/AppKit.framework/Versions/C/AppKit
0x00000000026cc000 	/System/Library/Frameworks/CoreData.framework/Versions/A/CoreData
0x00000000026cc000 	/System/Library/PrivateFrameworks/RemoteViewServices.framework/Versions/A/RemoteViewServices
0x00000000026cc000 	/System/Library/PrivateFrameworks/UIFoundation.framework/Versions/A/UIFoundation
0x00000000026cc000 	/System/Library/Frameworks/IOSurface.framework/Versions/A/IOSurface
0x00000000026cc000 	/System/Library/Frameworks/AudioToolbox.framework/Versions/A/AudioToolbox
0x00000000026cc000 	/System/Library/Frameworks/AudioUnit.framework/Versions/A/AudioUnit
0x00000000026cc000 	/System/Library/PrivateFrameworks/DataDetectorsCore.framework/Versions/A/DataDetectorsCore
0x00000000026cc000 	/System/Library/PrivateFrameworks/DesktopServicesPriv.framework/Versions/A/DesktopServicesPriv
0x00000000026cc000 	/System/Library/Frameworks/Carbon.framework/Versions/A/Frameworks/HIToolbox.framework/Versions/A/HIToolbox
0x00000000026cc000 	/System/Library/Frameworks/QuartzCore.framework/Versions/A/QuartzCore
0x00000000026cc000 	/System/Library/Frameworks/Carbon.framework/Versions/A/Frameworks/SpeechRecognition.framework/Versions/A/SpeechRecognition
0x00000000026cc000 	/usr/lib/libauto.dylib
0x00000000026cc000 	/usr/lib/libicucore.A.dylib
0x00000000026cc000 	/usr/lib/libxml2.2.dylib
0x00000000026cc000 	/System/Library/PrivateFrameworks/CoreUI.framework/Versions/A/CoreUI
0x00000000026cc000 	/System/Library/Frameworks/CoreAudio.framework/Versions/A/CoreAudio
0x00000000026cc000 	/System/Library/Frameworks/DiskArbitration.framework/Versions/A/DiskArbitration
0x00000000026cc000 	/usr/lib/liblangid.dylib
0x00000000026cc000 	/System/Library/PrivateFrameworks/MultitouchSupport.framework/Versions/A/MultitouchSupport
0x00000000026cc000 	/System/Library/Frameworks/IOKit.framework/Versions/A/IOKit
0x00000000026cc000 	/usr/lib/libDiagnosticMessagesClient.dylib
0x00000000026cc000 	/System/Library/Frameworks/CoreServices.framework/Versions/A/CoreServices
0x00000000026cc000 	/System/Library/PrivateFrameworks/PerformanceAnalysis.framework/Versions/A/PerformanceAnalysis
0x00000000026cc000 	/System/Library/PrivateFrameworks/GenerationalStorage.framework/Versions/A/GenerationalStorage
0x00000000026cc000 	/System/Library/Frameworks/OpenGL.framework/Versions/A/OpenGL
0x00000000026cc000 	/System/Library/PrivateFrameworks/Sharing.framework/Versions/A/Sharing
0x00000000026cc000 	/System/Library/Frameworks/CoreGraphics.framework/Versions/A/CoreGraphics
0x00000000026cc000 	/System/Library/Frameworks/CoreText.framework/Versions/A/CoreText
0x00000000026cc000 	/System/Library/Frameworks/ImageIO.framework/Versions/A/ImageIO
0x00000000026cc000 	/usr/lib/libextension.dylib
0x00000000026cc000 	/System/Library/PrivateFrameworks/Backup.framework/Versions/A/Backup
0x00000000026cc000 	/usr/lib/libarchive.2.dylib
0x00000000026cc000 	/System/Library/Frameworks/CFNetwork.framework/Versions/A/CFNetwork
0x00000000026cc000 	/System/Library/Frameworks/SystemConfiguration.framework/Versions/A/SystemConfiguration
0x00000000026cc000 	/usr/lib/libCRFSuite.dylib
0x00000000026cc000 	/usr/lib/libc++.1.dylib
0x00000000026cc000 	/usr/lib/libc++abi.dylib
0x00000000026cc000 	/usr/lib/system/libcache.dylib
0x00000000026cc000 	/usr/lib/system/libcommonCrypto.dylib
0x00000000026cc000 	/usr/lib/system/libcompiler_rt.dylib
0x00000000026cc000 	/usr/lib/system/libcopyfile.dylib
0x00000000026cc000 	/usr/lib/system/libcorecrypto.dylib
0x00000000026cc000 	/usr/lib/system/libdispatch.dylib
0x00000000026cc000 	/usr/lib/system/libdyld.dylib
0x00000000026cc000 	/usr/lib/system/libkeymgr.dylib
0x00000000026cc000 	/usr/lib/system/liblaunch.dylib
0x00000000026cc000 	/usr/lib/system/libmacho.dylib
0x00000000026cc000 	/usr/lib/system/libquarantine.dylib
0x00000000026cc000 	/usr/lib/system/libremovefile.dylib
0x00000000026cc000 	/usr/lib/system/libsystem_asl.dylib
0x00000000026cc000 	/usr/lib/system/libsystem_blocks.dylib
0x00000000026cc000 	/usr/lib/system/libsystem_c.dylib
0x00000000026cc000 	/usr/lib/system/libsystem_configuration.dylib
0x00000000026cc000 	/usr/lib/system/libsystem_coreservices.dylib
0x00000000026cc000 	/usr/lib/system/libsystem_coretls.dylib
0x00000000026cc000 	/usr/lib/system/libsystem_dnssd.dylib
0x00000000026cc000 	/usr/lib/system/libsystem_info.dylib
0x00000000026cc000 	/usr/lib/system/libsystem_kernel.dylib
0x00000000026cc000 	/usr/lib/system/libsystem_m.dylib
0x00000000026cc000 	/usr/lib/system/libsystem_malloc.dylib
0x00000000026cc000 	/usr/lib/system/libsystem_network.dylib
0x00000000026cc000 	/usr/lib/system/libsystem_networkextension.dylib
0x00000000026cc000 	/usr/lib/system/libsystem_notify.dylib
0x00000000026cc000 	/usr/lib/system/libsystem_platform.dylib
0x00000000026cc000 	/usr/lib/system/libsystem_pthread.dylib
0x00000000026cc000 	/usr/lib/system/libsystem_sandbox.dylib
0x00000000026cc000 	/usr/lib/system/libsystem_secinit.dylib
0x00000000026cc000 	/usr/lib/system/libsystem_stats.dylib
0x00000000026cc000 	/usr/lib/system/libsystem_trace.dylib
0x00000000026cc000 	/usr/lib/system/libunc.dylib
0x00000000026cc000 	/usr/lib/system/libunwind.dylib
0x00000000026cc000 	/usr/lib/system/libxpc.dylib
0x00000000026cc000 	/usr/lib/libbz2.1.0.dylib
0x00000000026cc000 	/usr/lib/liblzma.5.dylib
0x00000000026cc000 	/usr/lib/libbsm.0.dylib
0x00000000026cc000 	/usr/lib/libsqlite3.dylib
0x00000000026cc000 	/usr/lib/system/libkxld.dylib
0x00000000026cc000 	/usr/lib/libxar.1.dylib
0x00000000026cc000 	/usr/lib/libpam.2.dylib
0x00000000026cc000 	/usr/lib/libOpenScriptingUtil.dylib
0x00000000026cc000 	/System/Library/Frameworks/CoreServices.framework/Versions/A/Frameworks/FSEvents.framework/Versions/A/FSEvents
0x00000000026cc000 	/System/Library/Frameworks/CoreServices.framework/Versions/A/Frameworks/CarbonCore.framework/Versions/A/CarbonCore
0x00000000026cc000 	/System/Library/Frameworks/CoreServices.framework/Versions/A/Frameworks/Metadata.framework/Versions/A/Metadata
0x00000000026cc000 	/System/Library/Frameworks/CoreServices.framework/Versions/A/Frameworks/OSServices.framework/Versions/A/OSServices
0x00000000026cc000 	/System/Library/Frameworks/CoreServices.framework/Versions/A/Frameworks/SearchKit.framework/Versions/A/SearchKit
0x00000000026cc000 	/System/Library/Frameworks/CoreServices.framework/Versions/A/Frameworks/AE.framework/Versions/A/AE
0x00000000026cc000 	/System/Library/Frameworks/CoreServices.framework/Versions/A/Frameworks/LaunchServices.framework/Versions/A/LaunchServices
0x00000000026cc000 	/System/Library/Frameworks/CoreServices.framework/Versions/A/Frameworks/DictionaryServices.framework/Versions/A/DictionaryServices
0x00000000026cc000 	/System/Library/Frameworks/NetFS.framework/Versions/A/NetFS
0x00000000026cc000 	/System/Library/PrivateFrameworks/NetAuth.framework/Versions/A/NetAuth
0x00000000026cc000 	/System/Library/PrivateFrameworks/login.framework/Versions/A/Frameworks/loginsupport.framework/Versions/A/loginsupport
0x00000000026cc000 	/System/Library/PrivateFrameworks/TCC.framework/Versions/A/TCC
0x00000000026cc000 	/usr/lib/libmecabra.dylib
0x00000000026cc000 	/System/Library/Frameworks/ApplicationServices.framework/Versions/A/Frameworks/ATS.framework/Versions/A/ATS
0x00000000026cc000 	/System/Library/Frameworks/ApplicationServices.framework/Versions/A/Frameworks/ColorSync.framework/Versions/A/ColorSync
0x00000000026cc000 	/System/Library/Frameworks/ApplicationServices.framework/Versions/A/Frameworks/HIServices.framework/Versions/A/HIServices
0x00000000026cc000 	/System/Library/Frameworks/ApplicationServices.framework/Versions/A/Frameworks/LangAnalysis.framework/Versions/A/LangAnalysis
0x00000000026cc000 	/System/Library/Frameworks/ApplicationServices.framework/Versions/A/Frameworks/PrintCore.framework/Versions/A/PrintCore
0x00000000026cc000 	/System/Library/Frameworks/ApplicationServices.framework/Versions/A/Frameworks/QD.framework/Versions/A/QD
0x00000000026cc000 	/System/Library/Frameworks/ApplicationServices.framework/Versions/A/Frameworks/SpeechSynthesis.framework/Versions/A/SpeechSynthesis
0x00000000026cc000 	/System/Library/Frameworks/Accelerate.framework/Versions/A/Accelerate
0x00000000026cc000 	/System/Library/Frameworks/Accelerate.framework/Versions/A/Frameworks/vImage.framework/Versions/A/vImage
0x00000000026cc000 	/System/Library/Frameworks/Accelerate.framework/Versions/A/Frameworks/vecLib.framework/Versions/A/vecLib
0x00000000026cc000 	/System/Library/Frameworks/Accelerate.framework/Versions/A/Frameworks/vecLib.framework/Versions/A/libvDSP.dylib
0x00000000026cc000 	/System/Library/Frameworks/Accelerate.framework/Versions/A/Frameworks/vecLib.framework/Versions/A/libvMisc.dylib
0x00000000026cc000 	/System/Library/Frameworks/Accelerate.framework/Versions/A/Frameworks/vecLib.framework/Versions/A/libLAPACK.dylib
0x00000000026cc000 	/System/Library/Frameworks/Accelerate.framework/Versions/A/Frameworks/vecLib.framework/Versions/A/libBLAS.dylib
0x00000000026cc000 	/System/Library/Frameworks/Accelerate.framework/Versions/A/Frameworks/vecLib.framework/Versions/A/libLinearAlgebra.dylib
0x00000000026cc000 	/System/Library/Frameworks/ApplicationServices.framework/Versions/A/Frameworks/ATS.framework/Versions/A/Resources/libFontParser.dylib
0x00000000026cc000 	/System/Library/Frameworks/ApplicationServices.framework/Versions/A/Frameworks/ATS.framework/Versions/A/Resources/libFontRegistry.dylib
0x00000000026cc000 	/System/Library/PrivateFrameworks/AppleVPA.framework/Versions/A/AppleVPA
0x00000000026cc000 	/System/Library/PrivateFrameworks/AppleJPEG.framework/Versions/A/AppleJPEG
0x00000000026cc000 	/System/Library/Frameworks/ImageIO.framework/Versions/A/Resources/libJPEG.dylib
0x00000000026cc000 	/System/Library/Frameworks/ImageIO.framework/Versions/A/Resources/libTIFF.dylib
0x00000000026cc000 	/System/Library/Frameworks/ImageIO.framework/Versions/A/Resources/libPng.dylib
0x00000000026cc000 	/System/Library/Frameworks/ImageIO.framework/Versions/A/Resources/libGIF.dylib
0x00000000026cc000 	/System/Library/Frameworks/ImageIO.framework/Versions/A/Resources/libJP2.dylib
0x00000000026cc000 	/System/Library/Frameworks/ImageIO.framework/Versions/A/Resources/libRadiance.dylib
0x00000000026cc000 	/System/Library/Frameworks/CoreVideo.framework/Versions/A/CoreVideo
0x00000000026cc000 	/System/Library/Frameworks/OpenGL.framework/Versions/A/Libraries/libGLU.dylib
0x00000000026cc000 	/System/Library/Frameworks/OpenGL.framework/Versions/A/Libraries/libGFXShared.dylib
0x00000000026cc000 	/System/Library/Frameworks/OpenGL.framework/Versions/A/Libraries/libGL.dylib
0x00000000026cc000 	/System/Library/Frameworks/OpenGL.framework/Versions/A/Libraries/libGLImage.dylib
0x00000000026cc000 	/System/Library/Frameworks/OpenGL.framework/Versions/A/Libraries/libCVMSPluginSupport.dylib
0x00000000026cc000 	/System/Library/Frameworks/OpenGL.framework/Versions/A/Libraries/libCoreVMClient.dylib
0x00000000026cc000 	/usr/lib/libcups.2.dylib
0x00000000026cc000 	/System/Library/Frameworks/Kerberos.framework/Versions/A/Kerberos
0x00000000026cc000 	/System/Library/Frameworks/GSS.framework/Versions/A/GSS
0x00000000026cc000 	/usr/lib/libresolv.9.dylib
0x00000000026cc000 	/usr/lib/libiconv.2.dylib
0x00000000026cc000 	/System/Library/PrivateFrameworks/Heimdal.framework/Versions/A/Heimdal
0x00000000026cc000 	/usr/lib/libheimdal-asn1.dylib
0x00000000026cc000 	/System/Library/Frameworks/OpenDirectory.framework/Versions/A/OpenDirectory
0x00000000026cc000 	/System/Library/PrivateFrameworks/CommonAuth.framework/Versions/A/CommonAuth
0x00000000026cc000 	/System/Library/Frameworks/OpenDirectory.framework/Versions/A/Frameworks/CFOpenDirectory.framework/Versions/A/CFOpenDirectory
0x00000000026cc000 	/System/Library/Frameworks/SecurityFoundation.framework/Versions/A/SecurityFoundation
0x00000000026cc000 	/System/Library/PrivateFrameworks/LanguageModeling.framework/Versions/A/LanguageModeling
0x00000000026cc000 	/usr/lib/libcmph.dylib
0x00000000026cc000 	/System/Library/Frameworks/ServiceManagement.framework/Versions/A/ServiceManagement
0x00000000026cc000 	/usr/lib/libxslt.1.dylib
0x00000000026cc000 	/System/Library/Frameworks/Carbon.framework/Versions/A/Frameworks/Ink.framework/Versions/A/Ink
0x00000000026cc000 	/System/Library/Frameworks/QuartzCore.framework/Versions/A/Frameworks/CoreImage.framework/Versions/A/CoreImage
0x00000000026cc000 	/System/Library/PrivateFrameworks/CrashReporterSupport.framework/Versions/A/CrashReporterSupport
0x00000000026cc000 	/System/Library/Frameworks/OpenCL.framework/Versions/A/OpenCL
0x00000000026cc000 	/System/Library/PrivateFrameworks/FaceCore.framework/Versions/A/FaceCore
0x00000000026cc000 	/System/Library/PrivateFrameworks/Ubiquity.framework/Versions/A/Ubiquity
0x00000000026cc000 	/System/Library/PrivateFrameworks/IconServices.framework/Versions/A/IconServices
0x00000000026cc000 	/System/Library/PrivateFrameworks/ChunkingLibrary.framework/Versions/A/ChunkingLibrary
0x00000000026cc000 	/System/Library/PrivateFrameworks/Apple80211.framework/Versions/A/Apple80211
0x00000000026cc000 	/System/Library/Frameworks/CoreWLAN.framework/Versions/A/CoreWLAN
0x00000000026cc000 	/System/Library/Frameworks/IOBluetooth.framework/Versions/A/IOBluetooth
0x00000000026cc000 	/System/Library/PrivateFrameworks/CoreWiFi.framework/Versions/A/CoreWiFi
0x00000000026cc000 	/System/Library/Frameworks/CoreBluetooth.framework/Versions/A/CoreBluetooth
0x00000000026cc000 	/System/Library/PrivateFrameworks/DebugSymbols.framework/Versions/A/DebugSymbols
0x00000000026cc000 	/System/Library/PrivateFrameworks/CoreSymbolication.framework/Versions/A/CoreSymbolication
0x00000000026cc000 	/System/Library/PrivateFrameworks/Symbolication.framework/Versions/A/Symbolication
0x00000000026cc000 	/System/Library/PrivateFrameworks/SpeechRecognitionCore.framework/Versions/A/SpeechRecognitionCore
0x000000010de13000 	/Library/Java/JavaVirtualMachines/jdk1.8.0_51.jdk/Contents/Home/jre/lib/server/libjvm.dylib
0x00000000026cc000 	/usr/lib/libstdc++.6.dylib
0x000000010ee7f000 	/Library/Java/JavaVirtualMachines/jdk1.8.0_51.jdk/Contents/Home/jre/lib/libverify.dylib
0x000000010ee8d000 	/Library/Java/JavaVirtualMachines/jdk1.8.0_51.jdk/Contents/Home/jre/lib/libjava.dylib
0x000000010eec2000 	/Library/Java/JavaVirtualMachines/jdk1.8.0_51.jdk/Contents/Home/jre/lib/libzip.dylib
0x000000012aaa2000 	/System/Library/Frameworks/JavaVM.framework/Frameworks/JavaRuntimeSupport.framework/JavaRuntimeSupport
0x000000012aaba000 	/System/Library/Frameworks/JavaVM.framework/Versions/A/Frameworks/JavaNativeFoundation.framework/Versions/A/JavaNativeFoundation
0x000000012aacf000 	/System/Library/Frameworks/JavaVM.framework/Versions/A/JavaVM
0x00000000026cc000 	/System/Library/Frameworks/Carbon.framework/Versions/A/Carbon
0x000000012aadc000 	/System/Library/PrivateFrameworks/JavaLaunching.framework/Versions/A/JavaLaunching
0x00000000026cc000 	/System/Library/Frameworks/Carbon.framework/Versions/A/Frameworks/CommonPanels.framework/Versions/A/CommonPanels
0x00000000026cc000 	/System/Library/Frameworks/Carbon.framework/Versions/A/Frameworks/Help.framework/Versions/A/Help
0x00000000026cc000 	/System/Library/Frameworks/Carbon.framework/Versions/A/Frameworks/ImageCapture.framework/Versions/A/ImageCapture
0x00000000026cc000 	/System/Library/Frameworks/Carbon.framework/Versions/A/Frameworks/OpenScripting.framework/Versions/A/OpenScripting
0x00000000026cc000 	/System/Library/Frameworks/Carbon.framework/Versions/A/Frameworks/Print.framework/Versions/A/Print
0x00000000026cc000 	/System/Library/Frameworks/Carbon.framework/Versions/A/Frameworks/SecurityHI.framework/Versions/A/SecurityHI
0x000000012ccad000 	/Library/Java/JavaVirtualMachines/jdk1.8.0_51.jdk/Contents/Home/jre/lib/libprism_es2.dylib
0x00000000026cc000 	/System/Library/Frameworks/OpenGL.framework/Versions/A/Resources/GLEngine.bundle/GLEngine
0x00000000026cc000 	/System/Library/Frameworks/OpenGL.framework/Versions/A/Libraries/libGLProgrammability.dylib
0x000000012cd2f000 	/System/Library/Extensions/AppleIntelHD5000GraphicsGLDriver.bundle/Contents/MacOS/AppleIntelHD5000GraphicsGLDriver
0x00000000026cc000 	/System/Library/PrivateFrameworks/IOAccelerator.framework/Versions/A/IOAccelerator
0x00000000026cc000 	/System/Library/PrivateFrameworks/GPUSupport.framework/Versions/A/Libraries/libGPUSupportMercury.dylib
0x0000000000000000 	/System/Library/Extensions/GeForceGLDriver.bundle/Contents/MacOS/GeForceGLDriver
0x00000000026cc000 	/System/Library/Extensions/GeForceGLDriver.bundle/Contents/MacOS/libclh.dylib
0x00000000026cc000 	/System/Library/Frameworks/OpenGL.framework/Versions/A/Resources/GLRendererFloat.bundle/GLRendererFloat
0x00000000026cc000 	/System/Library/Frameworks/OpenCL.framework/Versions/A/Libraries/libcldcpuengine.dylib
0x00000000026cc000 	/System/Library/PrivateFrameworks/DiskImages.framework/Versions/A/DiskImages
0x00000000026cc000 	/System/Library/Frameworks/DiscRecording.framework/Versions/A/DiscRecording
0x00000000026cc000 	/usr/lib/libcsfde.dylib
0x00000000026cc000 	/usr/lib/libcurl.4.dylib
0x00000000026cc000 	/System/Library/PrivateFrameworks/MediaKit.framework/Versions/A/MediaKit
0x00000000026cc000 	/System/Library/PrivateFrameworks/ProtectedCloudStorage.framework/Versions/A/ProtectedCloudStorage
0x00000000026cc000 	/usr/lib/libCoreStorage.dylib
0x00000000026cc000 	/System/Library/PrivateFrameworks/EFILogin.framework/Versions/A/EFILogin
0x00000000026cc000 	/usr/lib/libutil.dylib
0x00000000026cc000 	/System/Library/PrivateFrameworks/FindMyDevice.framework/Versions/A/FindMyDevice
0x00000000026cc000 	/System/Library/Frameworks/LDAP.framework/Versions/A/LDAP
0x00000000026cc000 	/usr/lib/libsasl2.2.dylib
0x00000000026cc000 	/System/Library/PrivateFrameworks/CoreDaemon.framework/Versions/B/CoreDaemon
0x00000000026cc000 	/usr/lib/libcrypto.0.9.8.dylib
0x00000000026cc000 	/System/Library/PrivateFrameworks/AppleSRP.framework/Versions/A/AppleSRP
0x00000000026cc000 	/System/Library/PrivateFrameworks/TrustEvaluationAgent.framework/Versions/A/TrustEvaluationAgent
0x000000012da85000 	/Library/Java/JavaVirtualMachines/jdk1.8.0_51.jdk/Contents/Home/jre/lib/libglass.dylib
0x00000000026cc000 	/System/Library/PrivateFrameworks/CoreServicesInternal.framework/Versions/A/CoreServicesInternal
0x00000000026cc000 	/System/Library/PrivateFrameworks/CloudDocs.framework/Versions/A/CloudDocs
0x00000000026cc000 	/System/Library/PrivateFrameworks/CoreDuet.framework/Versions/A/CoreDuet
0x00000000026cc000 	/System/Library/Frameworks/CloudKit.framework/Versions/A/CloudKit
0x00000000026cc000 	/System/Library/PrivateFrameworks/ProtocolBuffer.framework/Versions/A/ProtocolBuffer
0x00000000026cc000 	/System/Library/PrivateFrameworks/CoreDuetDaemonProtocol.framework/Versions/A/CoreDuetDaemonProtocol
0x00000000026cc000 	/System/Library/PrivateFrameworks/CoreDuetDebugLogging.framework/Versions/A/CoreDuetDebugLogging
0x00000000026cc000 	/System/Library/PrivateFrameworks/MMCS.framework/Versions/A/MMCS
0x00000000026cc000 	/System/Library/Frameworks/CoreLocation.framework/Versions/A/CoreLocation
0x00000000026cc000 	/System/Library/PrivateFrameworks/GeoServices.framework/Versions/A/GeoServices
0x00000000026cc000 	/System/Library/Frameworks/CoreGraphics.framework/Versions/A/Resources/libCGCMS.A.dylib
0x00000000026cc000 	/System/Library/CoreServices/RawCamera.bundle/Contents/MacOS/RawCamera
0x00000000026cc000 	/System/Library/Frameworks/CoreGraphics.framework/Versions/A/Resources/libRIP.A.dylib
0x00000000026cc000 	/System/Library/PrivateFrameworks/FamilyControls.framework/Versions/A/FamilyControls
0x00000000026cc000 	/System/Library/PrivateFrameworks/CommerceKit.framework/Versions/A/Frameworks/CommerceCore.framework/Versions/A/CommerceCore
0x00000000026cc000 	/System/Library/PrivateFrameworks/SystemAdministration.framework/Versions/A/SystemAdministration
0x00000000026cc000 	/System/Library/PrivateFrameworks/AppContainer.framework/Versions/A/AppContainer
0x00000000026cc000 	/System/Library/PrivateFrameworks/SecCodeWrapper.framework/Versions/A/SecCodeWrapper
0x00000000026cc000 	/System/Library/Frameworks/DirectoryService.framework/Versions/A/DirectoryService
0x00000000026cc000 	/System/Library/PrivateFrameworks/LoginUIKit.framework/Versions/A/Frameworks/LoginUICore.framework/Versions/A/LoginUICore
0x00000000026cc000 	/usr/lib/libodfde.dylib

VM Arguments:
jvm_args: -Dfile.encoding=UTF-8 
java_command: application.MainApp
java_class_path (initial): /Volumes/PHILIPS UFD/FilRouge2/bin
Launcher Type: SUN_STANDARD

Environment Variables:
PATH=/usr/bin:/bin:/usr/sbin:/sbin
SHELL=/bin/bash
DISPLAY=/private/tmp/com.apple.launchd.WotMEoIei3/org.macosforge.xquartz:0

Signal Handlers:
SIGSEGV: [libjvm.dylib+0x58ef35], sa_mask[0]=11111111011111110111111111111111, sa_flags=SA_ONSTACK|SA_RESTART|SA_SIGINFO
SIGBUS: [libjvm.dylib+0x58ef35], sa_mask[0]=11111111011111110111111111111111, sa_flags=SA_RESTART|SA_SIGINFO
SIGFPE: [libjvm.dylib+0x46c028], sa_mask[0]=11111111011111110111111111111111, sa_flags=SA_RESTART|SA_SIGINFO
SIGPIPE: [libjvm.dylib+0x46c028], sa_mask[0]=11111111011111110111111111111111, sa_flags=SA_RESTART|SA_SIGINFO
SIGXFSZ: [libjvm.dylib+0x46c028], sa_mask[0]=11111111011111110111111111111111, sa_flags=SA_RESTART|SA_SIGINFO
SIGILL: [libjvm.dylib+0x46c028], sa_mask[0]=11111111011111110111111111111111, sa_flags=SA_RESTART|SA_SIGINFO
SIGUSR1: SIG_DFL, sa_mask[0]=00000000000000000000000000000000, sa_flags=none
SIGUSR2: [libjvm.dylib+0x46bb46], sa_mask[0]=00100000000000000000000000000000, sa_flags=SA_RESTART|SA_SIGINFO
SIGHUP: [libjvm.dylib+0x46a119], sa_mask[0]=11111111011111110111111111111111, sa_flags=SA_RESTART|SA_SIGINFO
SIGINT: [libjvm.dylib+0x46a119], sa_mask[0]=11111111011111110111111111111111, sa_flags=SA_RESTART|SA_SIGINFO
SIGTERM: [libjvm.dylib+0x46a119], sa_mask[0]=11111111011111110111111111111111, sa_flags=SA_RESTART|SA_SIGINFO
SIGQUIT: [libjvm.dylib+0x46a119], sa_mask[0]=11111111011111110111111111111111, sa_flags=SA_RESTART|SA_SIGINFO


---------------  S Y S T E M  ---------------

OS:Bsduname:Darwin 14.5.0 Darwin Kernel Version 14.5.0: Wed Jul 29 02:26:53 PDT 2015; root:xnu-2782.40.9~1/RELEASE_X86_64 x86_64
rlimit: STACK 8192k, CORE 0k, NPROC 709, NOFILE 10240, AS infinity
load average:1.56 1.62 1.49

CPU:total 8 (4 cores per cpu, 2 threads per core) family 6 model 70 stepping 1, cmov, cx8, fxsr, mmx, sse, sse2, sse3, ssse3, sse4.1, sse4.2, popcnt, avx, avx2, aes, clmul, erms, rtm, lzcnt, ht, tsc, tscinvbit, bmi1, bmi2

Memory: 4k page, physical 16777216k(2527528k free)

/proc/meminfo:


vm_info: Java HotSpot(TM) 64-Bit Server VM (25.51-b03) for bsd-amd64 JRE (1.8.0_51-b16), built on Jun  8 2015 18:01:11 by "java_re" with gcc 4.2.1 (Based on Apple Inc. build 5658) (LLVM build 2336.11.00)

time: Thu Jul 27 18:05:03 2017
elapsed time: 0 seconds (0d 0h 0m 0s)

